  Assignment 5-1.cpp
C:\Users\User\Desktop\基哥程設二作業\hw5\hw5-1\Project1\Vector.h(342,23): warning C4018: '<': signed/unsigned 不相符
C:\Users\User\Desktop\基哥程設二作業\hw5\hw5-1\Project1\HugeInteger.h(100): message : 請參考正在進行編譯的函式 樣板 具現化 'bool operator ==<T>(const vector<T> &,const vector<T> &)'
          with
          [
              T=int
          ]
C:\Users\User\Desktop\基哥程設二作業\hw5\hw5-1\Project1\HugeInteger.h(99): message : 編譯 類別 樣板 成員函式 'bool HugeInteger<int>::operator ==(const HugeInteger<int> &) const' 期間
C:\Users\User\Desktop\基哥程設二作業\hw5\hw5-1\Project1\HugeInteger.h(188): message : 請參考正在進行編譯的函式 樣板 具現化 'bool HugeInteger<int>::operator ==(const HugeInteger<int> &) const'
C:\Users\User\Desktop\基哥程設二作業\hw5\hw5-1\Project1\HugeInteger.h(106): message : 編譯 類別 樣板 成員函式 'bool HugeInteger<int>::operator <(const HugeInteger<int> &) const' 期間
C:\Users\User\Desktop\基哥程設二作業\hw5\hw5-1\Project1\Assignment 5-1.cpp(144): message : 請參考正在進行編譯的函式 樣板 具現化 'bool HugeInteger<int>::operator <(const HugeInteger<int> &) const'
C:\Users\User\Desktop\基哥程設二作業\hw5\hw5-1\Project1\HugeInteger.h(75): message : 編譯 類別 樣板 成員函式 'HugeInteger<int>::HugeInteger(const HugeInteger<int> &)' 期間
C:\Users\User\Desktop\基哥程設二作業\hw5\hw5-1\Project1\Assignment 5-1.cpp(79): message : 請參考正在進行編譯的函式 樣板 具現化 'HugeInteger<int>::HugeInteger(const HugeInteger<int> &)'
C:\Users\User\Desktop\基哥程設二作業\hw5\hw5-1\Project1\HugeInteger.h(68): message : 編譯 類別 樣板 成員函式 'HugeInteger<int>::HugeInteger(unsigned int)' 期間
C:\Users\User\Desktop\基哥程設二作業\hw5\hw5-1\Project1\Assignment 5-1.cpp(22): message : 請參考正在進行編譯的函式 樣板 具現化 'HugeInteger<int>::HugeInteger(unsigned int)'
C:\Users\User\Desktop\基哥程設二作業\hw5\hw5-1\Project1\Assignment 5-1.cpp(22): message : 請參考正在進行編譯的 類別 樣板 具現化 'HugeInteger<int>'
C:\Users\User\Desktop\基哥程設二作業\hw5\hw5-1\Project1\HugeInteger.h(141): warning C4715: 'HugeInteger<int>::operator<': 不是所有控制路徑都傳回值
C:\Users\User\Desktop\基哥程設二作業\hw5\hw5-1\Project1\HugeInteger.h(141): warning C4715: 'HugeInteger<unsigned int>::operator<': 不是所有控制路徑都傳回值
C:\Users\User\Desktop\基哥程設二作業\hw5\hw5-1\Project1\HugeInteger.h(141): warning C4715: 'HugeInteger<short>::operator<': 不是所有控制路徑都傳回值
C:\Users\User\Desktop\基哥程設二作業\hw5\hw5-1\Project1\HugeInteger.h(141): warning C4715: 'HugeInteger<unsigned short>::operator<': 不是所有控制路徑都傳回值
  Project1.vcxproj -> C:\Users\User\Desktop\基哥程設二作業\hw5\hw5-1\Project1\Debug\Project1.exe
