  Assignment 9-2.cpp
C:\Users\User\Desktop\基哥程設二作業\作業9\Deque.h(629,2): warning C4018: '<': signed/unsigned 不相符
C:\Users\User\Desktop\基哥程設二作業\作業9\Deque.h(609): message : 編譯 類別 樣板 成員函式 'void deque<unsigned short>::doubleMapSize(void)' 期間
C:\Users\User\Desktop\基哥程設二作業\作業9\Deque.h(561): message : 請參考正在進行編譯的函式 樣板 具現化 'void deque<unsigned short>::doubleMapSize(void)'
C:\Users\User\Desktop\基哥程設二作業\作業9\9-2\Project1\HugeInteger 9-2.h(69): message : 請參考正在進行編譯的 類別 樣板 具現化 'deque<unsigned short>'
C:\Users\User\Desktop\基哥程設二作業\作業9\9-2\Project1\Assignment 9-2.cpp(54): message : 請參考正在進行編譯的 類別 樣板 具現化 'HugeInteger<deque<unsigned short>>'
C:\Users\User\Desktop\基哥程設二作業\作業9\Vector.h(359,19): warning C4018: '>': signed/unsigned 不相符
C:\Users\User\Desktop\基哥程設二作業\作業9\Vector.h(357): message : 編譯 類別 樣板 成員函式 'void vector<unsigned short>::resize(const vector<unsigned short>::size_type)' 期間
C:\Users\User\Desktop\基哥程設二作業\作業9\Vector.h(309): message : 請參考正在進行編譯的函式 樣板 具現化 'void vector<unsigned short>::resize(const vector<unsigned short>::size_type)'
C:\Users\User\Desktop\基哥程設二作業\作業9\9-2\Project1\HugeInteger 9-2.h(69): message : 請參考正在進行編譯的 類別 樣板 具現化 'vector<unsigned short>'
C:\Users\User\Desktop\基哥程設二作業\作業9\9-2\Project1\Assignment 9-2.cpp(36): message : 請參考正在進行編譯的 類別 樣板 具現化 'HugeInteger<vector<unsigned short>>'
C:\Users\User\Desktop\基哥程設二作業\作業9\Vector.h(364,29): warning C4018: '<': signed/unsigned 不相符
C:\Users\User\Desktop\基哥程設二作業\作業9\Vector.h(377,2): warning C4018: '<': signed/unsigned 不相符
C:\Users\User\Desktop\基哥程設二作業\作業9\Vector.h(283,1): warning C4018: '<': signed/unsigned 不相符
C:\Users\User\Desktop\基哥程設二作業\作業9\Vector.h(277): message : 編譯 類別 樣板 成員函式 'vector<unsigned short>::vector(const vector<unsigned short> &)' 期間
C:\Users\User\Desktop\基哥程設二作業\作業9\9-2\Project1\HugeInteger 9-2.h(88): message : 請參考正在進行編譯的函式 樣板 具現化 'vector<unsigned short>::vector(const vector<unsigned short> &)'
C:\Users\User\Desktop\基哥程設二作業\作業9\Deque.h(355,2): warning C4018: '<': signed/unsigned 不相符
C:\Users\User\Desktop\基哥程設二作業\作業9\Deque.h(350): message : 編譯 類別 樣板 成員函式 'deque<unsigned short> &deque<unsigned short>::operator =(const deque<unsigned short> &)' 期間
C:\Users\User\Desktop\基哥程設二作業\作業9\Deque.h(338): message : 請參考正在進行編譯的函式 樣板 具現化 'deque<unsigned short> &deque<unsigned short>::operator =(const deque<unsigned short> &)'
C:\Users\User\Desktop\基哥程設二作業\作業9\Deque.h(363,1): warning C4018: '<': signed/unsigned 不相符
C:\Users\User\Desktop\基哥程設二作業\作業9\Vector.h(324,16): warning C4018: '>': signed/unsigned 不相符
C:\Users\User\Desktop\基哥程設二作業\作業9\Vector.h(319): message : 編譯 類別 樣板 成員函式 'vector<unsigned short> &vector<unsigned short>::operator =(const vector<unsigned short> &)' 期間
C:\Users\User\Desktop\基哥程設二作業\作業9\9-2\Project1\HugeInteger 9-2.h(104): message : 請參考正在進行編譯的函式 樣板 具現化 'vector<unsigned short> &vector<unsigned short>::operator =(const vector<unsigned short> &)'
C:\Users\User\Desktop\基哥程設二作業\作業9\Vector.h(329,20): warning C4244: '正在初始化': 將 'double' 轉換為 'int'，由於類型不同，可能導致資料遺失
C:\Users\User\Desktop\基哥程設二作業\作業9\Vector.h(587,17): warning C4018: '<': signed/unsigned 不相符
C:\Users\User\Desktop\基哥程設二作業\作業9\9-2\Project1\HugeInteger 9-2.h(113): message : 請參考正在進行編譯的函式 樣板 具現化 'bool operator ==<int>(const vector<int> &,const vector<int> &)'
C:\Users\User\Desktop\基哥程設二作業\作業9\9-2\Project1\HugeInteger 9-2.h(112): message : 編譯 類別 樣板 成員函式 'bool HugeInteger<vector<int>>::operator ==(HugeInteger<vector<int>> &)' 期間
C:\Users\User\Desktop\基哥程設二作業\作業9\9-2\Project1\HugeInteger 9-2.h(199): message : 請參考正在進行編譯的函式 樣板 具現化 'bool HugeInteger<vector<int>>::operator ==(HugeInteger<vector<int>> &)'
C:\Users\User\Desktop\基哥程設二作業\作業9\9-2\Project1\HugeInteger 9-2.h(88): message : 編譯 類別 樣板 成員函式 'HugeInteger<vector<int>>::HugeInteger(const HugeInteger<vector<int>> &)' 期間
C:\Users\User\Desktop\基哥程設二作業\作業9\9-2\Project1\Assignment 9-2.cpp(189): message : 請參考正在進行編譯的函式 樣板 具現化 'HugeInteger<vector<int>>::HugeInteger(const HugeInteger<vector<int>> &)'
C:\Users\User\Desktop\基哥程設二作業\作業9\9-2\Project1\Assignment 9-2.cpp(134): message : 請參考正在進行編譯的函式 樣板 具現化 'void input<vector<int>>(HugeInteger<vector<int>> [],HugeInteger<vector<int>> [])'
C:\Users\User\Desktop\基哥程設二作業\作業9\9-2\Project1\Assignment 9-2.cpp(62): message : 請參考正在進行編譯的函式 樣板 具現化 'void testHugeIntegers<vector<int>>(HugeInteger<vector<int>> [],HugeInteger<vector<int>> [])'
C:\Users\User\Desktop\基哥程設二作業\作業9\9-2\Project1\HugeInteger 9-2.h(150): warning C4715: 'HugeInteger<vector<short> >::operator<': 不是所有控制路徑都傳回值
C:\Users\User\Desktop\基哥程設二作業\作業9\9-2\Project1\HugeInteger 9-2.h(150): warning C4715: 'HugeInteger<vector<int> >::operator<': 不是所有控制路徑都傳回值
C:\Users\User\Desktop\基哥程設二作業\作業9\9-2\Project1\HugeInteger 9-2.h(150): warning C4715: 'HugeInteger<list<int> >::operator<': 不是所有控制路徑都傳回值
C:\Users\User\Desktop\基哥程設二作業\作業9\9-2\Project1\HugeInteger 9-2.h(150): warning C4715: 'HugeInteger<list<unsigned int> >::operator<': 不是所有控制路徑都傳回值
C:\Users\User\Desktop\基哥程設二作業\作業9\9-2\Project1\HugeInteger 9-2.h(150): warning C4715: 'HugeInteger<vector<unsigned short> >::operator<': 不是所有控制路徑都傳回值
C:\Users\User\Desktop\基哥程設二作業\作業9\9-2\Project1\HugeInteger 9-2.h(150): warning C4715: 'HugeInteger<vector<unsigned int> >::operator<': 不是所有控制路徑都傳回值
C:\Users\User\Desktop\基哥程設二作業\作業9\9-2\Project1\HugeInteger 9-2.h(150): warning C4715: 'HugeInteger<deque<unsigned int> >::operator<': 不是所有控制路徑都傳回值
C:\Users\User\Desktop\基哥程設二作業\作業9\9-2\Project1\HugeInteger 9-2.h(150): warning C4715: 'HugeInteger<deque<int> >::operator<': 不是所有控制路徑都傳回值
C:\Users\User\Desktop\基哥程設二作業\作業9\9-2\Project1\HugeInteger 9-2.h(150): warning C4715: 'HugeInteger<list<unsigned short> >::operator<': 不是所有控制路徑都傳回值
C:\Users\User\Desktop\基哥程設二作業\作業9\9-2\Project1\HugeInteger 9-2.h(150): warning C4715: 'HugeInteger<list<short> >::operator<': 不是所有控制路徑都傳回值
C:\Users\User\Desktop\基哥程設二作業\作業9\9-2\Project1\HugeInteger 9-2.h(150): warning C4715: 'HugeInteger<deque<short> >::operator<': 不是所有控制路徑都傳回值
C:\Users\User\Desktop\基哥程設二作業\作業9\9-2\Project1\HugeInteger 9-2.h(150): warning C4715: 'HugeInteger<deque<unsigned short> >::operator<': 不是所有控制路徑都傳回值
  Project1.vcxproj -> C:\Users\User\Desktop\基哥程設二作業\作業9\9-2\Project1\Debug\Project1.exe
