  Assignment 9-1.cpp
C:\Users\User\Desktop\基哥程設二作業\作業9\Deque.h(623,2): warning C4018: '<': signed/unsigned 不相符
C:\Users\User\Desktop\基哥程設二作業\作業9\Deque.h(619): message : 編譯 類別 樣板 成員函式 'void deque<T>::doubleMapSize(void)' 期間
          with
          [
              T=unsigned short
          ]
C:\Users\User\Desktop\基哥程設二作業\作業9\Deque.h(570): message : 請參考正在進行編譯的函式 樣板 具現化 'void deque<T>::doubleMapSize(void)'
          with
          [
              T=unsigned short
          ]
C:\Users\User\Desktop\基哥程設二作業\作業9\9-1\Project1\HugeInteger 9-1.h(12): message : 請參考正在進行編譯的 類別 樣板 具現化 'deque<T>'
          with
          [
              T=unsigned short
          ]
C:\Users\User\Desktop\基哥程設二作業\作業9\9-1\Project1\Assignment 9-1.cpp(36): message : 請參考正在進行編譯的 類別 樣板 具現化 'HugeInteger<unsigned short>'
C:\Users\User\Desktop\基哥程設二作業\作業9\Deque.h(355,2): warning C4018: '<': signed/unsigned 不相符
C:\Users\User\Desktop\基哥程設二作業\作業9\Deque.h(350): message : 編譯 類別 樣板 成員函式 'deque<T> &deque<T>::operator =(const deque<T> &)' 期間
          with
          [
              T=unsigned short
          ]
C:\Users\User\Desktop\基哥程設二作業\作業9\9-1\Project1\HugeInteger 9-1.h(103): message : 請參考正在進行編譯的函式 樣板 具現化 'deque<T> &deque<T>::operator =(const deque<T> &)'
          with
          [
              T=unsigned short
          ]
C:\Users\User\Desktop\基哥程設二作業\作業9\Deque.h(363,1): warning C4018: '<': signed/unsigned 不相符
  Project1.vcxproj -> C:\Users\User\Desktop\基哥程設二作業\作業9\9-1\Project1\Debug\Project1.exe
